2026-04-22 00:59:29 [INFO    ] App — ============================================================
2026-04-22 00:59:29 [INFO    ] App —   Speed Limit Sign Detection System — Starting Up
2026-04-22 00:59:29 [INFO    ] App — ============================================================
2026-04-22 00:59:32 [INFO    ] App — DeepSORT tracker enabled
2026-04-22 00:59:32 [INFO    ] App — Opening video source: 0
2026-04-22 00:59:37 [INFO    ] App — Processing every 2 frame(s). Press 'q' to quit.
2026-04-22 01:01:07 [INFO    ] App — Interrupted by user.
2026-04-22 01:01:08 [INFO    ] App — SESSION SUMMARY
2026-04-22 01:01:08 [INFO    ] App —   Total sign detections : 0
2026-04-22 01:01:08 [INFO    ] App —   Total violations      : 0
2026-04-22 01:01:08 [INFO    ] App —   Unique speed limits   : []
2026-04-22 01:01:08 [INFO    ] App — System shut down cleanly.
2026-04-22 01:01:17 [INFO    ] App — ============================================================
2026-04-22 01:01:17 [INFO    ] App —   Speed Limit Sign Detection System — Starting Up
2026-04-22 01:01:17 [INFO    ] App — ============================================================
2026-04-22 01:01:17 [INFO    ] App — DeepSORT tracker enabled
2026-04-22 01:01:17 [INFO    ] App — Opening video source: video.mp4
2026-04-22 01:01:18 [ERROR   ] App — Cannot open video source: video.mp4
2026-04-22 01:01:27 [INFO    ] App — ============================================================
2026-04-22 01:01:27 [INFO    ] App —   Speed Limit Sign Detection System — Starting Up
2026-04-22 01:01:27 [INFO    ] App — ============================================================
2026-04-22 01:01:27 [INFO    ] App — Opening video source: video.mp4
2026-04-22 01:01:28 [ERROR   ] App — Cannot open video source: video.mp4
2026-04-22 01:03:17 [INFO    ] App — ============================================================
2026-04-22 01:03:17 [INFO    ] App —   Speed Limit Sign Detection System — Starting Up
2026-04-22 01:03:17 [INFO    ] App — ============================================================
2026-04-22 01:03:18 [INFO    ] App — DeepSORT tracker enabled
2026-04-22 01:03:18 [INFO    ] App — Opening video source: video.mp4
2026-04-22 01:03:18 [INFO    ] App — Saving output to: output/result.mp4
2026-04-22 01:03:18 [INFO    ] App — Processing every 2 frame(s). Press 'q' to quit.
2026-04-22 01:23:06 [INFO    ] App — End of video stream.
2026-04-22 01:23:06 [INFO    ] App — SESSION SUMMARY
2026-04-22 01:23:06 [INFO    ] App —   Total sign detections : 358
2026-04-22 01:23:06 [INFO    ] App —   Total violations      : 0
2026-04-22 01:23:06 [INFO    ] App —   Unique speed limits   : []
2026-04-22 01:23:06 [INFO    ] App — System shut down cleanly.
2026-04-22 01:25:01 [INFO    ] App — ============================================================
2026-04-22 01:25:01 [INFO    ] App —   Speed Limit Sign Detection System — Starting Up
2026-04-22 01:25:01 [INFO    ] App — ============================================================
2026-04-22 01:25:01 [INFO    ] App — Opening video source: video.mp4
2026-04-22 01:25:01 [INFO    ] App — Processing every 2 frame(s). Press 'q' to quit.
2026-04-22 01:25:40 [INFO    ] App — End of video stream.
2026-04-22 01:25:40 [INFO    ] App — SESSION SUMMARY
2026-04-22 01:25:40 [INFO    ] App —   Total sign detections : 358
2026-04-22 01:25:40 [INFO    ] App —   Total violations      : 0
2026-04-22 01:25:40 [INFO    ] App —   Unique speed limits   : []
2026-04-22 01:25:40 [INFO    ] App — System shut down cleanly.
2026-04-22 01:26:18 [INFO    ] App — ============================================================
2026-04-22 01:26:18 [INFO    ] App —   Speed Limit Sign Detection System — Starting Up
2026-04-22 01:26:18 [INFO    ] App — ============================================================
2026-04-22 01:26:19 [INFO    ] App — DeepSORT tracker enabled
2026-04-22 01:26:19 [INFO    ] App — Opening video source: video.mp4
2026-04-22 01:26:19 [INFO    ] App — Saving output to: output/result.mp4
2026-04-22 01:26:19 [INFO    ] App — Processing every 2 frame(s). Press 'q' to quit.
2026-04-22 01:26:54 [INFO    ] App — End of video stream.
2026-04-22 01:26:54 [INFO    ] App — SESSION SUMMARY
2026-04-22 01:26:54 [INFO    ] App —   Total sign detections : 358
2026-04-22 01:26:54 [INFO    ] App —   Total violations      : 0
2026-04-22 01:26:54 [INFO    ] App —   Unique speed limits   : []
2026-04-22 01:26:54 [INFO    ] App — System shut down cleanly.
2026-04-22 23:03:07 [INFO    ] App — ============================================================
2026-04-22 23:03:07 [INFO    ] App —   Speed Limit Sign Detection System — Starting Up
2026-04-22 23:03:07 [INFO    ] App — ============================================================
2026-04-22 23:03:08 [INFO    ] App — DeepSORT tracker enabled
2026-04-22 23:03:27 [INFO    ] App — ============================================================
2026-04-22 23:03:27 [INFO    ] App —   Speed Limit Sign Detection System — Starting Up
2026-04-22 23:03:27 [INFO    ] App — ============================================================
2026-04-22 23:03:28 [INFO    ] App — DeepSORT tracker enabled
2026-04-22 23:05:51 [INFO    ] App — ============================================================
2026-04-22 23:05:51 [INFO    ] App —   Speed Limit Sign Detection System — Starting Up
2026-04-22 23:05:51 [INFO    ] App — ============================================================
2026-04-22 23:05:53 [INFO    ] App — DeepSORT tracker enabled
2026-04-22 23:06:31 [INFO    ] App — ============================================================
2026-04-22 23:06:31 [INFO    ] App —   Speed Limit Sign Detection System — Starting Up
2026-04-22 23:06:31 [INFO    ] App — ============================================================
2026-04-22 23:06:32 [INFO    ] App — DeepSORT tracker enabled
2026-04-22 23:06:43 [INFO    ] App — ============================================================
2026-04-22 23:06:43 [INFO    ] App —   Speed Limit Sign Detection System — Starting Up
2026-04-22 23:06:43 [INFO    ] App — ============================================================
2026-04-22 23:06:44 [INFO    ] App — DeepSORT tracker enabled
2026-04-22 23:19:06 [INFO    ] App — ============================================================
2026-04-22 23:19:06 [INFO    ] App —   Speed Limit Sign Detection System — Starting Up
2026-04-22 23:19:06 [INFO    ] App — ============================================================
2026-04-22 23:19:07 [INFO    ] App — DeepSORT tracker enabled
2026-04-23 00:24:55 [INFO    ] App — ============================================================
2026-04-23 00:24:55 [INFO    ] App —   Speed Limit Sign Detection System — Starting Up
2026-04-23 00:24:55 [INFO    ] App — ============================================================
2026-04-23 00:24:56 [INFO    ] App — DeepSORT tracker enabled
2026-04-23 21:36:55 [INFO    ] App — ============================================================
2026-04-23 21:36:55 [INFO    ] App —   Speed Limit Sign Detection System — Starting Up
2026-04-23 21:36:55 [INFO    ] App — ============================================================
2026-04-23 21:36:56 [INFO    ] App — DeepSORT tracker enabled
2026-04-24 20:50:18 [INFO    ] App — ============================================================
2026-04-24 20:50:18 [INFO    ] App —   Speed Limit Sign Detection System — Starting Up
2026-04-24 20:50:18 [INFO    ] App — ============================================================
2026-04-24 20:50:20 [INFO    ] App — DeepSORT tracker enabled
2026-04-24 20:52:43 [INFO    ] App — ============================================================
2026-04-24 20:52:43 [INFO    ] App —   Speed Limit Sign Detection System — Starting Up
2026-04-24 20:52:43 [INFO    ] App — ============================================================
2026-04-24 20:52:43 [INFO    ] App — DeepSORT tracker enabled
2026-04-24 20:57:34 [INFO    ] App — ============================================================
2026-04-24 20:57:34 [INFO    ] App —   Speed Limit Sign Detection System — Starting Up
2026-04-24 20:57:34 [INFO    ] App — ============================================================
2026-04-24 20:57:34 [INFO    ] App — DeepSORT tracker enabled
2026-04-24 20:58:29 [INFO    ] App — ============================================================
2026-04-24 20:58:29 [INFO    ] App —   Speed Limit Sign Detection System — Starting Up
2026-04-24 20:58:29 [INFO    ] App — ============================================================
2026-04-24 20:58:30 [INFO    ] App — DeepSORT tracker enabled
2026-04-24 21:36:38 [INFO    ] App — ============================================================
2026-04-24 21:36:38 [INFO    ] App —   Speed Limit Sign Detection System — Starting Up
2026-04-24 21:36:38 [INFO    ] App — ============================================================
2026-04-24 21:36:39 [INFO    ] App — DeepSORT tracker enabled
2026-04-24 21:41:16 [INFO    ] App — ============================================================
2026-04-24 21:41:16 [INFO    ] App —   Speed Limit Sign Detection System — Starting Up
2026-04-24 21:41:16 [INFO    ] App — ============================================================
2026-04-24 21:41:17 [INFO    ] App — DeepSORT tracker enabled
2026-04-24 21:41:35 [INFO    ] App — ============================================================
2026-04-24 21:41:35 [INFO    ] App —   Speed Limit Sign Detection System — Starting Up
2026-04-24 21:41:35 [INFO    ] App — ============================================================
2026-04-24 21:41:35 [INFO    ] App — DeepSORT tracker enabled
2026-04-27 22:06:35 [INFO    ] App — ============================================================
2026-04-27 22:06:35 [INFO    ] App —   Speed Limit Sign Detection System — Starting Up
2026-04-27 22:06:35 [INFO    ] App — ============================================================
2026-04-27 22:06:36 [INFO    ] App — DeepSORT tracker enabled
