2026-04-24 20:50:18 [INFO    ] FastAPI — Loading ML pipeline components…
2026-04-24 20:50:23 [INFO    ] FastAPI — ML pipeline ready.
2026-04-24 20:52:23 [INFO    ] FastAPI — FastAPI server shut down.
2026-04-24 20:52:43 [INFO    ] FastAPI — Loading ML pipeline components…
2026-04-24 20:52:44 [INFO    ] FastAPI — ML pipeline ready.
2026-04-24 20:55:03 [INFO    ] FastAPI — process-media: '20.png' kind=image skip=2
2026-04-24 20:57:19 [INFO    ] FastAPI — FastAPI server shut down.
2026-04-24 20:57:34 [INFO    ] FastAPI — Loading ML pipeline components…
2026-04-24 20:57:34 [INFO    ] FastAPI — ML pipeline ready.
2026-04-24 20:58:13 [INFO    ] FastAPI — FastAPI server shut down.
2026-04-24 20:58:29 [INFO    ] FastAPI — Loading ML pipeline components…
2026-04-24 20:58:30 [INFO    ] FastAPI — ML pipeline ready.
2026-04-24 21:01:15 [INFO    ] FastAPI — process-media: 'road1002.jpeg' kind=image skip=2
2026-04-24 21:36:13 [INFO    ] FastAPI — FastAPI server shut down.
2026-04-24 21:36:38 [INFO    ] FastAPI — Loading ML pipeline components…
2026-04-24 21:36:39 [INFO    ] FastAPI — ML pipeline ready.
2026-04-24 21:40:56 [INFO    ] FastAPI — FastAPI server shut down.
2026-04-24 21:41:16 [INFO    ] FastAPI — Loading ML pipeline components…
2026-04-24 21:41:17 [INFO    ] FastAPI — ML pipeline ready.
2026-04-24 21:41:17 [INFO    ] FastAPI — FastAPI server shut down.
2026-04-24 21:41:35 [INFO    ] FastAPI — Loading ML pipeline components…
2026-04-24 21:41:35 [INFO    ] FastAPI — ML pipeline ready.
2026-04-24 22:42:02 [INFO    ] FastAPI — process-media: '20.png' kind=image skip=2
2026-04-24 22:42:50 [INFO    ] FastAPI — process-media: '35.jpg' kind=image skip=2
2026-04-24 22:43:09 [INFO    ] FastAPI — process-media: '40.png' kind=image skip=2
2026-04-24 22:43:18 [INFO    ] FastAPI — process-media: '90.png' kind=image skip=2
2026-04-24 22:44:28 [INFO    ] FastAPI — process-media: 'video.mp4' kind=video skip=2
2026-04-24 22:44:31 [INFO    ] FastAPI — Video probe: 161 frames @ 24.0fps = 6.7s  frame_skip=2
2026-04-24 22:45:43 [INFO    ] FastAPI — Video done: 80 frames in 72.89s (1.1 eff-fps)
2026-04-24 22:46:15 [INFO    ] FastAPI — process-media: 'video1.mp4' kind=video skip=2
2026-04-24 22:46:16 [INFO    ] FastAPI — Video probe: 2890 frames @ 59.9fps = 48.2s  frame_skip=2
2026-04-24 22:48:16 [WARNING ] FastAPI — max_duration_s=120s reached. Stopping.
2026-04-24 22:48:16 [INFO    ] FastAPI — Video done: 90 frames in 120.40s (0.7 eff-fps)
2026-04-24 22:50:49 [INFO    ] FastAPI — process-media: 'video.mp4' kind=video skip=2
2026-04-24 22:50:50 [INFO    ] FastAPI — Video probe: 161 frames @ 24.0fps = 6.7s  frame_skip=2
2026-04-24 22:52:04 [INFO    ] FastAPI — Video done: 80 frames in 74.25s (1.1 eff-fps)
2026-04-24 22:53:06 [INFO    ] FastAPI — process-media: 'road1001.jpeg' kind=image skip=2
